C:\USERS\SPEEDFIRE\DOCUMENTS\VISUAL STUDIO 2012\PROJECTS\CONSOLEAPPLICATION10\CONSOLEAPPLICATION10\DEBUG\VC110.PDB
C:\USERS\SPEEDFIRE\DOCUMENTS\VISUAL STUDIO 2012\PROJECTS\CONSOLEAPPLICATION10\CONSOLEAPPLICATION10\DEBUG\Исходный код.OBJ
C:\USERS\SPEEDFIRE\DOCUMENTS\VISUAL STUDIO 2012\PROJECTS\CONSOLEAPPLICATION10\CONSOLEAPPLICATION10\DEBUG\SHA1.OBJ
C:\USERS\SPEEDFIRE\DOCUMENTS\VISUAL STUDIO 2012\PROJECTS\CONSOLEAPPLICATION10\CONSOLEAPPLICATION10\DEBUG\SHA1(1).OBJ
C:\USERS\SPEEDFIRE\DOCUMENTS\VISUAL STUDIO 2012\PROJECTS\CONSOLEAPPLICATION10\DEBUG\CONSOLEAPPLICATION10.ILK
C:\USERS\SPEEDFIRE\DOCUMENTS\VISUAL STUDIO 2012\PROJECTS\CONSOLEAPPLICATION10\DEBUG\CONSOLEAPPLICATION10.EXE
C:\USERS\SPEEDFIRE\DOCUMENTS\VISUAL STUDIO 2012\PROJECTS\CONSOLEAPPLICATION10\DEBUG\CONSOLEAPPLICATION10.PDB
C:\Users\speedfire\Documents\Visual Studio 2012\Projects\ConsoleApplication10\ConsoleApplication10\Debug\sha1(1).obj
C:\Users\speedfire\Documents\Visual Studio 2012\Projects\ConsoleApplication10\ConsoleApplication10\Debug\sha1.obj
C:\Users\speedfire\Documents\Visual Studio 2012\Projects\ConsoleApplication10\ConsoleApplication10\Debug\Исходный код.obj
C:\Users\speedfire\Documents\Visual Studio 2012\Projects\ConsoleApplication10\ConsoleApplication10\Debug\cl.command.1.tlog
C:\Users\speedfire\Documents\Visual Studio 2012\Projects\ConsoleApplication10\ConsoleApplication10\Debug\CL.read.1.tlog
C:\Users\speedfire\Documents\Visual Studio 2012\Projects\ConsoleApplication10\ConsoleApplication10\Debug\CL.write.1.tlog
C:\Users\speedfire\Documents\Visual Studio 2012\Projects\ConsoleApplication10\ConsoleApplication10\Debug\link-cvtres.read.1.tlog
C:\Users\speedfire\Documents\Visual Studio 2012\Projects\ConsoleApplication10\ConsoleApplication10\Debug\link-cvtres.write.1.tlog
C:\Users\speedfire\Documents\Visual Studio 2012\Projects\ConsoleApplication10\ConsoleApplication10\Debug\link-rc.read.1.tlog
C:\Users\speedfire\Documents\Visual Studio 2012\Projects\ConsoleApplication10\ConsoleApplication10\Debug\link-rc.write.1.tlog
C:\Users\speedfire\Documents\Visual Studio 2012\Projects\ConsoleApplication10\ConsoleApplication10\Debug\link.120-cvtres.read.1.tlog
C:\Users\speedfire\Documents\Visual Studio 2012\Projects\ConsoleApplication10\ConsoleApplication10\Debug\link.120-cvtres.write.1.tlog
C:\Users\speedfire\Documents\Visual Studio 2012\Projects\ConsoleApplication10\ConsoleApplication10\Debug\link.120-rc.read.1.tlog
C:\Users\speedfire\Documents\Visual Studio 2012\Projects\ConsoleApplication10\ConsoleApplication10\Debug\link.120-rc.write.1.tlog
C:\Users\speedfire\Documents\Visual Studio 2012\Projects\ConsoleApplication10\ConsoleApplication10\Debug\link.120.read.1.tlog
C:\Users\speedfire\Documents\Visual Studio 2012\Projects\ConsoleApplication10\ConsoleApplication10\Debug\link.120.write.1.tlog
C:\Users\speedfire\Documents\Visual Studio 2012\Projects\ConsoleApplication10\ConsoleApplication10\Debug\link.1208-cvtres.read.1.tlog
C:\Users\speedfire\Documents\Visual Studio 2012\Projects\ConsoleApplication10\ConsoleApplication10\Debug\link.1208-cvtres.write.1.tlog
C:\Users\speedfire\Documents\Visual Studio 2012\Projects\ConsoleApplication10\ConsoleApplication10\Debug\link.1208-rc.read.1.tlog
C:\Users\speedfire\Documents\Visual Studio 2012\Projects\ConsoleApplication10\ConsoleApplication10\Debug\link.1208-rc.write.1.tlog
C:\Users\speedfire\Documents\Visual Studio 2012\Projects\ConsoleApplication10\ConsoleApplication10\Debug\link.1208.read.1.tlog
C:\Users\speedfire\Documents\Visual Studio 2012\Projects\ConsoleApplication10\ConsoleApplication10\Debug\link.1208.write.1.tlog
C:\Users\speedfire\Documents\Visual Studio 2012\Projects\ConsoleApplication10\ConsoleApplication10\Debug\link.1280-cvtres.read.1.tlog
C:\Users\speedfire\Documents\Visual Studio 2012\Projects\ConsoleApplication10\ConsoleApplication10\Debug\link.1280-cvtres.write.1.tlog
C:\Users\speedfire\Documents\Visual Studio 2012\Projects\ConsoleApplication10\ConsoleApplication10\Debug\link.1280-rc.read.1.tlog
C:\Users\speedfire\Documents\Visual Studio 2012\Projects\ConsoleApplication10\ConsoleApplication10\Debug\link.1280-rc.write.1.tlog
C:\Users\speedfire\Documents\Visual Studio 2012\Projects\ConsoleApplication10\ConsoleApplication10\Debug\link.1280.read.1.tlog
C:\Users\speedfire\Documents\Visual Studio 2012\Projects\ConsoleApplication10\ConsoleApplication10\Debug\link.1280.write.1.tlog
C:\Users\speedfire\Documents\Visual Studio 2012\Projects\ConsoleApplication10\ConsoleApplication10\Debug\link.1368-cvtres.read.1.tlog
C:\Users\speedfire\Documents\Visual Studio 2012\Projects\ConsoleApplication10\ConsoleApplication10\Debug\link.1368-cvtres.write.1.tlog
C:\Users\speedfire\Documents\Visual Studio 2012\Projects\ConsoleApplication10\ConsoleApplication10\Debug\link.1368-rc.read.1.tlog
C:\Users\speedfire\Documents\Visual Studio 2012\Projects\ConsoleApplication10\ConsoleApplication10\Debug\link.1368-rc.write.1.tlog
C:\Users\speedfire\Documents\Visual Studio 2012\Projects\ConsoleApplication10\ConsoleApplication10\Debug\link.1368.read.1.tlog
C:\Users\speedfire\Documents\Visual Studio 2012\Projects\ConsoleApplication10\ConsoleApplication10\Debug\link.1368.write.1.tlog
C:\Users\speedfire\Documents\Visual Studio 2012\Projects\ConsoleApplication10\ConsoleApplication10\Debug\link.1448-cvtres.read.1.tlog
C:\Users\speedfire\Documents\Visual Studio 2012\Projects\ConsoleApplication10\ConsoleApplication10\Debug\link.1448-cvtres.write.1.tlog
C:\Users\speedfire\Documents\Visual Studio 2012\Projects\ConsoleApplication10\ConsoleApplication10\Debug\link.1448-rc.read.1.tlog
C:\Users\speedfire\Documents\Visual Studio 2012\Projects\ConsoleApplication10\ConsoleApplication10\Debug\link.1448-rc.write.1.tlog
C:\Users\speedfire\Documents\Visual Studio 2012\Projects\ConsoleApplication10\ConsoleApplication10\Debug\link.1448.read.1.tlog
C:\Users\speedfire\Documents\Visual Studio 2012\Projects\ConsoleApplication10\ConsoleApplication10\Debug\link.1448.write.1.tlog
C:\Users\speedfire\Documents\Visual Studio 2012\Projects\ConsoleApplication10\ConsoleApplication10\Debug\link.1484-cvtres.read.1.tlog
C:\Users\speedfire\Documents\Visual Studio 2012\Projects\ConsoleApplication10\ConsoleApplication10\Debug\link.1484-cvtres.write.1.tlog
C:\Users\speedfire\Documents\Visual Studio 2012\Projects\ConsoleApplication10\ConsoleApplication10\Debug\link.1484-rc.read.1.tlog
C:\Users\speedfire\Documents\Visual Studio 2012\Projects\ConsoleApplication10\ConsoleApplication10\Debug\link.1484-rc.write.1.tlog
C:\Users\speedfire\Documents\Visual Studio 2012\Projects\ConsoleApplication10\ConsoleApplication10\Debug\link.1484.read.1.tlog
C:\Users\speedfire\Documents\Visual Studio 2012\Projects\ConsoleApplication10\ConsoleApplication10\Debug\link.1484.write.1.tlog
C:\Users\speedfire\Documents\Visual Studio 2012\Projects\ConsoleApplication10\ConsoleApplication10\Debug\link.1516-cvtres.read.1.tlog
C:\Users\speedfire\Documents\Visual Studio 2012\Projects\ConsoleApplication10\ConsoleApplication10\Debug\link.1516-cvtres.write.1.tlog
C:\Users\speedfire\Documents\Visual Studio 2012\Projects\ConsoleApplication10\ConsoleApplication10\Debug\link.1516-rc.read.1.tlog
C:\Users\speedfire\Documents\Visual Studio 2012\Projects\ConsoleApplication10\ConsoleApplication10\Debug\link.1516-rc.write.1.tlog
C:\Users\speedfire\Documents\Visual Studio 2012\Projects\ConsoleApplication10\ConsoleApplication10\Debug\link.1516.read.1.tlog
C:\Users\speedfire\Documents\Visual Studio 2012\Projects\ConsoleApplication10\ConsoleApplication10\Debug\link.1516.write.1.tlog
C:\Users\speedfire\Documents\Visual Studio 2012\Projects\ConsoleApplication10\ConsoleApplication10\Debug\link.164-cvtres.read.1.tlog
C:\Users\speedfire\Documents\Visual Studio 2012\Projects\ConsoleApplication10\ConsoleApplication10\Debug\link.164-cvtres.write.1.tlog
C:\Users\speedfire\Documents\Visual Studio 2012\Projects\ConsoleApplication10\ConsoleApplication10\Debug\link.164-rc.read.1.tlog
C:\Users\speedfire\Documents\Visual Studio 2012\Projects\ConsoleApplication10\ConsoleApplication10\Debug\link.164-rc.write.1.tlog
C:\Users\speedfire\Documents\Visual Studio 2012\Projects\ConsoleApplication10\ConsoleApplication10\Debug\link.164.read.1.tlog
C:\Users\speedfire\Documents\Visual Studio 2012\Projects\ConsoleApplication10\ConsoleApplication10\Debug\link.164.write.1.tlog
C:\Users\speedfire\Documents\Visual Studio 2012\Projects\ConsoleApplication10\ConsoleApplication10\Debug\link.180-cvtres.read.1.tlog
C:\Users\speedfire\Documents\Visual Studio 2012\Projects\ConsoleApplication10\ConsoleApplication10\Debug\link.180-cvtres.write.1.tlog
C:\Users\speedfire\Documents\Visual Studio 2012\Projects\ConsoleApplication10\ConsoleApplication10\Debug\link.180-rc.read.1.tlog
C:\Users\speedfire\Documents\Visual Studio 2012\Projects\ConsoleApplication10\ConsoleApplication10\Debug\link.180-rc.write.1.tlog
C:\Users\speedfire\Documents\Visual Studio 2012\Projects\ConsoleApplication10\ConsoleApplication10\Debug\link.180.read.1.tlog
C:\Users\speedfire\Documents\Visual Studio 2012\Projects\ConsoleApplication10\ConsoleApplication10\Debug\link.180.write.1.tlog
C:\Users\speedfire\Documents\Visual Studio 2012\Projects\ConsoleApplication10\ConsoleApplication10\Debug\link.1928-cvtres.read.1.tlog
C:\Users\speedfire\Documents\Visual Studio 2012\Projects\ConsoleApplication10\ConsoleApplication10\Debug\link.1928-cvtres.write.1.tlog
C:\Users\speedfire\Documents\Visual Studio 2012\Projects\ConsoleApplication10\ConsoleApplication10\Debug\link.1928-rc.read.1.tlog
C:\Users\speedfire\Documents\Visual Studio 2012\Projects\ConsoleApplication10\ConsoleApplication10\Debug\link.1928-rc.write.1.tlog
C:\Users\speedfire\Documents\Visual Studio 2012\Projects\ConsoleApplication10\ConsoleApplication10\Debug\link.1928.read.1.tlog
C:\Users\speedfire\Documents\Visual Studio 2012\Projects\ConsoleApplication10\ConsoleApplication10\Debug\link.1928.write.1.tlog
C:\Users\speedfire\Documents\Visual Studio 2012\Projects\ConsoleApplication10\ConsoleApplication10\Debug\link.2008-cvtres.read.1.tlog
C:\Users\speedfire\Documents\Visual Studio 2012\Projects\ConsoleApplication10\ConsoleApplication10\Debug\link.2008-cvtres.write.1.tlog
C:\Users\speedfire\Documents\Visual Studio 2012\Projects\ConsoleApplication10\ConsoleApplication10\Debug\link.2008-rc.read.1.tlog
C:\Users\speedfire\Documents\Visual Studio 2012\Projects\ConsoleApplication10\ConsoleApplication10\Debug\link.2008-rc.write.1.tlog
C:\Users\speedfire\Documents\Visual Studio 2012\Projects\ConsoleApplication10\ConsoleApplication10\Debug\link.2008.read.1.tlog
C:\Users\speedfire\Documents\Visual Studio 2012\Projects\ConsoleApplication10\ConsoleApplication10\Debug\link.2008.write.1.tlog
C:\Users\speedfire\Documents\Visual Studio 2012\Projects\ConsoleApplication10\ConsoleApplication10\Debug\link.2132-cvtres.read.1.tlog
C:\Users\speedfire\Documents\Visual Studio 2012\Projects\ConsoleApplication10\ConsoleApplication10\Debug\link.2132-cvtres.write.1.tlog
C:\Users\speedfire\Documents\Visual Studio 2012\Projects\ConsoleApplication10\ConsoleApplication10\Debug\link.2132-rc.read.1.tlog
C:\Users\speedfire\Documents\Visual Studio 2012\Projects\ConsoleApplication10\ConsoleApplication10\Debug\link.2132-rc.write.1.tlog
C:\Users\speedfire\Documents\Visual Studio 2012\Projects\ConsoleApplication10\ConsoleApplication10\Debug\link.2132.read.1.tlog
C:\Users\speedfire\Documents\Visual Studio 2012\Projects\ConsoleApplication10\ConsoleApplication10\Debug\link.2132.write.1.tlog
C:\Users\speedfire\Documents\Visual Studio 2012\Projects\ConsoleApplication10\ConsoleApplication10\Debug\link.2296-cvtres.read.1.tlog
C:\Users\speedfire\Documents\Visual Studio 2012\Projects\ConsoleApplication10\ConsoleApplication10\Debug\link.2296-cvtres.write.1.tlog
C:\Users\speedfire\Documents\Visual Studio 2012\Projects\ConsoleApplication10\ConsoleApplication10\Debug\link.2296-rc.read.1.tlog
C:\Users\speedfire\Documents\Visual Studio 2012\Projects\ConsoleApplication10\ConsoleApplication10\Debug\link.2296-rc.write.1.tlog
C:\Users\speedfire\Documents\Visual Studio 2012\Projects\ConsoleApplication10\ConsoleApplication10\Debug\link.2296.read.1.tlog
C:\Users\speedfire\Documents\Visual Studio 2012\Projects\ConsoleApplication10\ConsoleApplication10\Debug\link.2296.write.1.tlog
C:\Users\speedfire\Documents\Visual Studio 2012\Projects\ConsoleApplication10\ConsoleApplication10\Debug\link.2456-cvtres.read.1.tlog
C:\Users\speedfire\Documents\Visual Studio 2012\Projects\ConsoleApplication10\ConsoleApplication10\Debug\link.2456-cvtres.write.1.tlog
C:\Users\speedfire\Documents\Visual Studio 2012\Projects\ConsoleApplication10\ConsoleApplication10\Debug\link.2456-rc.read.1.tlog
C:\Users\speedfire\Documents\Visual Studio 2012\Projects\ConsoleApplication10\ConsoleApplication10\Debug\link.2456-rc.write.1.tlog
C:\Users\speedfire\Documents\Visual Studio 2012\Projects\ConsoleApplication10\ConsoleApplication10\Debug\link.2456.read.1.tlog
C:\Users\speedfire\Documents\Visual Studio 2012\Projects\ConsoleApplication10\ConsoleApplication10\Debug\link.2456.write.1.tlog
C:\Users\speedfire\Documents\Visual Studio 2012\Projects\ConsoleApplication10\ConsoleApplication10\Debug\link.2488-cvtres.read.1.tlog
C:\Users\speedfire\Documents\Visual Studio 2012\Projects\ConsoleApplication10\ConsoleApplication10\Debug\link.2488-cvtres.write.1.tlog
C:\Users\speedfire\Documents\Visual Studio 2012\Projects\ConsoleApplication10\ConsoleApplication10\Debug\link.2488-rc.read.1.tlog
C:\Users\speedfire\Documents\Visual Studio 2012\Projects\ConsoleApplication10\ConsoleApplication10\Debug\link.2488-rc.write.1.tlog
C:\Users\speedfire\Documents\Visual Studio 2012\Projects\ConsoleApplication10\ConsoleApplication10\Debug\link.2488.read.1.tlog
C:\Users\speedfire\Documents\Visual Studio 2012\Projects\ConsoleApplication10\ConsoleApplication10\Debug\link.2488.write.1.tlog
C:\Users\speedfire\Documents\Visual Studio 2012\Projects\ConsoleApplication10\ConsoleApplication10\Debug\link.2660-cvtres.read.1.tlog
C:\Users\speedfire\Documents\Visual Studio 2012\Projects\ConsoleApplication10\ConsoleApplication10\Debug\link.2660-cvtres.write.1.tlog
C:\Users\speedfire\Documents\Visual Studio 2012\Projects\ConsoleApplication10\ConsoleApplication10\Debug\link.2660-rc.read.1.tlog
C:\Users\speedfire\Documents\Visual Studio 2012\Projects\ConsoleApplication10\ConsoleApplication10\Debug\link.2660-rc.write.1.tlog
C:\Users\speedfire\Documents\Visual Studio 2012\Projects\ConsoleApplication10\ConsoleApplication10\Debug\link.2660.read.1.tlog
C:\Users\speedfire\Documents\Visual Studio 2012\Projects\ConsoleApplication10\ConsoleApplication10\Debug\link.2660.write.1.tlog
C:\Users\speedfire\Documents\Visual Studio 2012\Projects\ConsoleApplication10\ConsoleApplication10\Debug\link.2744-cvtres.read.1.tlog
C:\Users\speedfire\Documents\Visual Studio 2012\Projects\ConsoleApplication10\ConsoleApplication10\Debug\link.2744-cvtres.write.1.tlog
C:\Users\speedfire\Documents\Visual Studio 2012\Projects\ConsoleApplication10\ConsoleApplication10\Debug\link.2744-rc.read.1.tlog
C:\Users\speedfire\Documents\Visual Studio 2012\Projects\ConsoleApplication10\ConsoleApplication10\Debug\link.2744-rc.write.1.tlog
C:\Users\speedfire\Documents\Visual Studio 2012\Projects\ConsoleApplication10\ConsoleApplication10\Debug\link.2744.read.1.tlog
C:\Users\speedfire\Documents\Visual Studio 2012\Projects\ConsoleApplication10\ConsoleApplication10\Debug\link.2744.write.1.tlog
C:\Users\speedfire\Documents\Visual Studio 2012\Projects\ConsoleApplication10\ConsoleApplication10\Debug\link.2808-cvtres.read.1.tlog
C:\Users\speedfire\Documents\Visual Studio 2012\Projects\ConsoleApplication10\ConsoleApplication10\Debug\link.2808-cvtres.write.1.tlog
C:\Users\speedfire\Documents\Visual Studio 2012\Projects\ConsoleApplication10\ConsoleApplication10\Debug\link.2808-rc.read.1.tlog
C:\Users\speedfire\Documents\Visual Studio 2012\Projects\ConsoleApplication10\ConsoleApplication10\Debug\link.2808-rc.write.1.tlog
C:\Users\speedfire\Documents\Visual Studio 2012\Projects\ConsoleApplication10\ConsoleApplication10\Debug\link.2808.read.1.tlog
C:\Users\speedfire\Documents\Visual Studio 2012\Projects\ConsoleApplication10\ConsoleApplication10\Debug\link.2808.write.1.tlog
C:\Users\speedfire\Documents\Visual Studio 2012\Projects\ConsoleApplication10\ConsoleApplication10\Debug\link.2812-cvtres.read.1.tlog
C:\Users\speedfire\Documents\Visual Studio 2012\Projects\ConsoleApplication10\ConsoleApplication10\Debug\link.2812-cvtres.write.1.tlog
C:\Users\speedfire\Documents\Visual Studio 2012\Projects\ConsoleApplication10\ConsoleApplication10\Debug\link.2812-rc.read.1.tlog
C:\Users\speedfire\Documents\Visual Studio 2012\Projects\ConsoleApplication10\ConsoleApplication10\Debug\link.2812-rc.write.1.tlog
C:\Users\speedfire\Documents\Visual Studio 2012\Projects\ConsoleApplication10\ConsoleApplication10\Debug\link.2812.read.1.tlog
C:\Users\speedfire\Documents\Visual Studio 2012\Projects\ConsoleApplication10\ConsoleApplication10\Debug\link.2812.write.1.tlog
C:\Users\speedfire\Documents\Visual Studio 2012\Projects\ConsoleApplication10\ConsoleApplication10\Debug\link.2964-cvtres.read.1.tlog
C:\Users\speedfire\Documents\Visual Studio 2012\Projects\ConsoleApplication10\ConsoleApplication10\Debug\link.2964-cvtres.write.1.tlog
C:\Users\speedfire\Documents\Visual Studio 2012\Projects\ConsoleApplication10\ConsoleApplication10\Debug\link.2964-rc.read.1.tlog
C:\Users\speedfire\Documents\Visual Studio 2012\Projects\ConsoleApplication10\ConsoleApplication10\Debug\link.2964-rc.write.1.tlog
C:\Users\speedfire\Documents\Visual Studio 2012\Projects\ConsoleApplication10\ConsoleApplication10\Debug\link.2964.read.1.tlog
C:\Users\speedfire\Documents\Visual Studio 2012\Projects\ConsoleApplication10\ConsoleApplication10\Debug\link.2964.write.1.tlog
C:\Users\speedfire\Documents\Visual Studio 2012\Projects\ConsoleApplication10\ConsoleApplication10\Debug\link.3164-cvtres.read.1.tlog
C:\Users\speedfire\Documents\Visual Studio 2012\Projects\ConsoleApplication10\ConsoleApplication10\Debug\link.3164-cvtres.write.1.tlog
C:\Users\speedfire\Documents\Visual Studio 2012\Projects\ConsoleApplication10\ConsoleApplication10\Debug\link.3164-rc.read.1.tlog
C:\Users\speedfire\Documents\Visual Studio 2012\Projects\ConsoleApplication10\ConsoleApplication10\Debug\link.3164-rc.write.1.tlog
C:\Users\speedfire\Documents\Visual Studio 2012\Projects\ConsoleApplication10\ConsoleApplication10\Debug\link.3164.read.1.tlog
C:\Users\speedfire\Documents\Visual Studio 2012\Projects\ConsoleApplication10\ConsoleApplication10\Debug\link.3164.write.1.tlog
C:\Users\speedfire\Documents\Visual Studio 2012\Projects\ConsoleApplication10\ConsoleApplication10\Debug\link.3436-cvtres.read.1.tlog
C:\Users\speedfire\Documents\Visual Studio 2012\Projects\ConsoleApplication10\ConsoleApplication10\Debug\link.3436-cvtres.write.1.tlog
C:\Users\speedfire\Documents\Visual Studio 2012\Projects\ConsoleApplication10\ConsoleApplication10\Debug\link.3436-rc.read.1.tlog
C:\Users\speedfire\Documents\Visual Studio 2012\Projects\ConsoleApplication10\ConsoleApplication10\Debug\link.3436-rc.write.1.tlog
C:\Users\speedfire\Documents\Visual Studio 2012\Projects\ConsoleApplication10\ConsoleApplication10\Debug\link.3436.read.1.tlog
C:\Users\speedfire\Documents\Visual Studio 2012\Projects\ConsoleApplication10\ConsoleApplication10\Debug\link.3436.write.1.tlog
C:\Users\speedfire\Documents\Visual Studio 2012\Projects\ConsoleApplication10\ConsoleApplication10\Debug\link.3440-cvtres.read.1.tlog
C:\Users\speedfire\Documents\Visual Studio 2012\Projects\ConsoleApplication10\ConsoleApplication10\Debug\link.3440-cvtres.write.1.tlog
C:\Users\speedfire\Documents\Visual Studio 2012\Projects\ConsoleApplication10\ConsoleApplication10\Debug\link.3440-rc.read.1.tlog
C:\Users\speedfire\Documents\Visual Studio 2012\Projects\ConsoleApplication10\ConsoleApplication10\Debug\link.3440-rc.write.1.tlog
C:\Users\speedfire\Documents\Visual Studio 2012\Projects\ConsoleApplication10\ConsoleApplication10\Debug\link.3440.read.1.tlog
C:\Users\speedfire\Documents\Visual Studio 2012\Projects\ConsoleApplication10\ConsoleApplication10\Debug\link.3440.write.1.tlog
C:\Users\speedfire\Documents\Visual Studio 2012\Projects\ConsoleApplication10\ConsoleApplication10\Debug\link.3496-cvtres.read.1.tlog
C:\Users\speedfire\Documents\Visual Studio 2012\Projects\ConsoleApplication10\ConsoleApplication10\Debug\link.3496-cvtres.write.1.tlog
C:\Users\speedfire\Documents\Visual Studio 2012\Projects\ConsoleApplication10\ConsoleApplication10\Debug\link.3496-rc.read.1.tlog
C:\Users\speedfire\Documents\Visual Studio 2012\Projects\ConsoleApplication10\ConsoleApplication10\Debug\link.3496-rc.write.1.tlog
C:\Users\speedfire\Documents\Visual Studio 2012\Projects\ConsoleApplication10\ConsoleApplication10\Debug\link.3496.read.1.tlog
C:\Users\speedfire\Documents\Visual Studio 2012\Projects\ConsoleApplication10\ConsoleApplication10\Debug\link.3496.write.1.tlog
C:\Users\speedfire\Documents\Visual Studio 2012\Projects\ConsoleApplication10\ConsoleApplication10\Debug\link.3600-cvtres.read.1.tlog
C:\Users\speedfire\Documents\Visual Studio 2012\Projects\ConsoleApplication10\ConsoleApplication10\Debug\link.3600-cvtres.write.1.tlog
C:\Users\speedfire\Documents\Visual Studio 2012\Projects\ConsoleApplication10\ConsoleApplication10\Debug\link.3600-rc.read.1.tlog
C:\Users\speedfire\Documents\Visual Studio 2012\Projects\ConsoleApplication10\ConsoleApplication10\Debug\link.3600-rc.write.1.tlog
C:\Users\speedfire\Documents\Visual Studio 2012\Projects\ConsoleApplication10\ConsoleApplication10\Debug\link.3600.read.1.tlog
C:\Users\speedfire\Documents\Visual Studio 2012\Projects\ConsoleApplication10\ConsoleApplication10\Debug\link.3600.write.1.tlog
C:\Users\speedfire\Documents\Visual Studio 2012\Projects\ConsoleApplication10\ConsoleApplication10\Debug\link.3632-cvtres.read.1.tlog
C:\Users\speedfire\Documents\Visual Studio 2012\Projects\ConsoleApplication10\ConsoleApplication10\Debug\link.3632-cvtres.write.1.tlog
C:\Users\speedfire\Documents\Visual Studio 2012\Projects\ConsoleApplication10\ConsoleApplication10\Debug\link.3632-rc.read.1.tlog
C:\Users\speedfire\Documents\Visual Studio 2012\Projects\ConsoleApplication10\ConsoleApplication10\Debug\link.3632-rc.write.1.tlog
C:\Users\speedfire\Documents\Visual Studio 2012\Projects\ConsoleApplication10\ConsoleApplication10\Debug\link.3632.read.1.tlog
C:\Users\speedfire\Documents\Visual Studio 2012\Projects\ConsoleApplication10\ConsoleApplication10\Debug\link.3632.write.1.tlog
C:\Users\speedfire\Documents\Visual Studio 2012\Projects\ConsoleApplication10\ConsoleApplication10\Debug\link.3640-cvtres.read.1.tlog
C:\Users\speedfire\Documents\Visual Studio 2012\Projects\ConsoleApplication10\ConsoleApplication10\Debug\link.3640-cvtres.write.1.tlog
C:\Users\speedfire\Documents\Visual Studio 2012\Projects\ConsoleApplication10\ConsoleApplication10\Debug\link.3640-rc.read.1.tlog
C:\Users\speedfire\Documents\Visual Studio 2012\Projects\ConsoleApplication10\ConsoleApplication10\Debug\link.3640-rc.write.1.tlog
C:\Users\speedfire\Documents\Visual Studio 2012\Projects\ConsoleApplication10\ConsoleApplication10\Debug\link.3640.read.1.tlog
C:\Users\speedfire\Documents\Visual Studio 2012\Projects\ConsoleApplication10\ConsoleApplication10\Debug\link.3640.write.1.tlog
C:\Users\speedfire\Documents\Visual Studio 2012\Projects\ConsoleApplication10\ConsoleApplication10\Debug\link.3708-cvtres.read.1.tlog
C:\Users\speedfire\Documents\Visual Studio 2012\Projects\ConsoleApplication10\ConsoleApplication10\Debug\link.3708-cvtres.write.1.tlog
C:\Users\speedfire\Documents\Visual Studio 2012\Projects\ConsoleApplication10\ConsoleApplication10\Debug\link.3708-rc.read.1.tlog
C:\Users\speedfire\Documents\Visual Studio 2012\Projects\ConsoleApplication10\ConsoleApplication10\Debug\link.3708-rc.write.1.tlog
C:\Users\speedfire\Documents\Visual Studio 2012\Projects\ConsoleApplication10\ConsoleApplication10\Debug\link.3708.read.1.tlog
C:\Users\speedfire\Documents\Visual Studio 2012\Projects\ConsoleApplication10\ConsoleApplication10\Debug\link.3708.write.1.tlog
C:\Users\speedfire\Documents\Visual Studio 2012\Projects\ConsoleApplication10\ConsoleApplication10\Debug\link.3744-cvtres.read.1.tlog
C:\Users\speedfire\Documents\Visual Studio 2012\Projects\ConsoleApplication10\ConsoleApplication10\Debug\link.3744-cvtres.write.1.tlog
C:\Users\speedfire\Documents\Visual Studio 2012\Projects\ConsoleApplication10\ConsoleApplication10\Debug\link.3744-rc.read.1.tlog
C:\Users\speedfire\Documents\Visual Studio 2012\Projects\ConsoleApplication10\ConsoleApplication10\Debug\link.3744-rc.write.1.tlog
C:\Users\speedfire\Documents\Visual Studio 2012\Projects\ConsoleApplication10\ConsoleApplication10\Debug\link.3744.read.1.tlog
C:\Users\speedfire\Documents\Visual Studio 2012\Projects\ConsoleApplication10\ConsoleApplication10\Debug\link.3744.write.1.tlog
C:\Users\speedfire\Documents\Visual Studio 2012\Projects\ConsoleApplication10\ConsoleApplication10\Debug\link.3772-cvtres.read.1.tlog
C:\Users\speedfire\Documents\Visual Studio 2012\Projects\ConsoleApplication10\ConsoleApplication10\Debug\link.3772-cvtres.write.1.tlog
C:\Users\speedfire\Documents\Visual Studio 2012\Projects\ConsoleApplication10\ConsoleApplication10\Debug\link.3772-rc.read.1.tlog
C:\Users\speedfire\Documents\Visual Studio 2012\Projects\ConsoleApplication10\ConsoleApplication10\Debug\link.3772-rc.write.1.tlog
C:\Users\speedfire\Documents\Visual Studio 2012\Projects\ConsoleApplication10\ConsoleApplication10\Debug\link.3772.read.1.tlog
C:\Users\speedfire\Documents\Visual Studio 2012\Projects\ConsoleApplication10\ConsoleApplication10\Debug\link.3772.write.1.tlog
C:\Users\speedfire\Documents\Visual Studio 2012\Projects\ConsoleApplication10\ConsoleApplication10\Debug\link.3812-cvtres.read.1.tlog
C:\Users\speedfire\Documents\Visual Studio 2012\Projects\ConsoleApplication10\ConsoleApplication10\Debug\link.3812-cvtres.write.1.tlog
C:\Users\speedfire\Documents\Visual Studio 2012\Projects\ConsoleApplication10\ConsoleApplication10\Debug\link.3812-rc.read.1.tlog
C:\Users\speedfire\Documents\Visual Studio 2012\Projects\ConsoleApplication10\ConsoleApplication10\Debug\link.3812-rc.write.1.tlog
C:\Users\speedfire\Documents\Visual Studio 2012\Projects\ConsoleApplication10\ConsoleApplication10\Debug\link.3812.read.1.tlog
C:\Users\speedfire\Documents\Visual Studio 2012\Projects\ConsoleApplication10\ConsoleApplication10\Debug\link.3812.write.1.tlog
C:\Users\speedfire\Documents\Visual Studio 2012\Projects\ConsoleApplication10\ConsoleApplication10\Debug\link.3884-cvtres.read.1.tlog
C:\Users\speedfire\Documents\Visual Studio 2012\Projects\ConsoleApplication10\ConsoleApplication10\Debug\link.3884-cvtres.write.1.tlog
C:\Users\speedfire\Documents\Visual Studio 2012\Projects\ConsoleApplication10\ConsoleApplication10\Debug\link.3884-rc.read.1.tlog
C:\Users\speedfire\Documents\Visual Studio 2012\Projects\ConsoleApplication10\ConsoleApplication10\Debug\link.3884-rc.write.1.tlog
C:\Users\speedfire\Documents\Visual Studio 2012\Projects\ConsoleApplication10\ConsoleApplication10\Debug\link.3884.read.1.tlog
C:\Users\speedfire\Documents\Visual Studio 2012\Projects\ConsoleApplication10\ConsoleApplication10\Debug\link.3884.write.1.tlog
C:\Users\speedfire\Documents\Visual Studio 2012\Projects\ConsoleApplication10\ConsoleApplication10\Debug\link.3948-cvtres.read.1.tlog
C:\Users\speedfire\Documents\Visual Studio 2012\Projects\ConsoleApplication10\ConsoleApplication10\Debug\link.3948-cvtres.write.1.tlog
C:\Users\speedfire\Documents\Visual Studio 2012\Projects\ConsoleApplication10\ConsoleApplication10\Debug\link.3948-rc.read.1.tlog
C:\Users\speedfire\Documents\Visual Studio 2012\Projects\ConsoleApplication10\ConsoleApplication10\Debug\link.3948-rc.write.1.tlog
C:\Users\speedfire\Documents\Visual Studio 2012\Projects\ConsoleApplication10\ConsoleApplication10\Debug\link.3948.read.1.tlog
C:\Users\speedfire\Documents\Visual Studio 2012\Projects\ConsoleApplication10\ConsoleApplication10\Debug\link.3948.write.1.tlog
C:\Users\speedfire\Documents\Visual Studio 2012\Projects\ConsoleApplication10\ConsoleApplication10\Debug\link.4384-cvtres.read.1.tlog
C:\Users\speedfire\Documents\Visual Studio 2012\Projects\ConsoleApplication10\ConsoleApplication10\Debug\link.4384-cvtres.write.1.tlog
C:\Users\speedfire\Documents\Visual Studio 2012\Projects\ConsoleApplication10\ConsoleApplication10\Debug\link.4384-rc.read.1.tlog
C:\Users\speedfire\Documents\Visual Studio 2012\Projects\ConsoleApplication10\ConsoleApplication10\Debug\link.4384-rc.write.1.tlog
C:\Users\speedfire\Documents\Visual Studio 2012\Projects\ConsoleApplication10\ConsoleApplication10\Debug\link.4384.read.1.tlog
C:\Users\speedfire\Documents\Visual Studio 2012\Projects\ConsoleApplication10\ConsoleApplication10\Debug\link.4384.write.1.tlog
C:\Users\speedfire\Documents\Visual Studio 2012\Projects\ConsoleApplication10\ConsoleApplication10\Debug\link.4404-cvtres.read.1.tlog
C:\Users\speedfire\Documents\Visual Studio 2012\Projects\ConsoleApplication10\ConsoleApplication10\Debug\link.4404-cvtres.write.1.tlog
C:\Users\speedfire\Documents\Visual Studio 2012\Projects\ConsoleApplication10\ConsoleApplication10\Debug\link.4404-rc.read.1.tlog
C:\Users\speedfire\Documents\Visual Studio 2012\Projects\ConsoleApplication10\ConsoleApplication10\Debug\link.4404-rc.write.1.tlog
C:\Users\speedfire\Documents\Visual Studio 2012\Projects\ConsoleApplication10\ConsoleApplication10\Debug\link.4404.read.1.tlog
C:\Users\speedfire\Documents\Visual Studio 2012\Projects\ConsoleApplication10\ConsoleApplication10\Debug\link.4404.write.1.tlog
C:\Users\speedfire\Documents\Visual Studio 2012\Projects\ConsoleApplication10\ConsoleApplication10\Debug\link.4484-cvtres.read.1.tlog
C:\Users\speedfire\Documents\Visual Studio 2012\Projects\ConsoleApplication10\ConsoleApplication10\Debug\link.4484-cvtres.write.1.tlog
C:\Users\speedfire\Documents\Visual Studio 2012\Projects\ConsoleApplication10\ConsoleApplication10\Debug\link.4484-rc.read.1.tlog
C:\Users\speedfire\Documents\Visual Studio 2012\Projects\ConsoleApplication10\ConsoleApplication10\Debug\link.4484-rc.write.1.tlog
C:\Users\speedfire\Documents\Visual Studio 2012\Projects\ConsoleApplication10\ConsoleApplication10\Debug\link.4484.read.1.tlog
C:\Users\speedfire\Documents\Visual Studio 2012\Projects\ConsoleApplication10\ConsoleApplication10\Debug\link.4484.write.1.tlog
C:\Users\speedfire\Documents\Visual Studio 2012\Projects\ConsoleApplication10\ConsoleApplication10\Debug\link.4516-cvtres.read.1.tlog
C:\Users\speedfire\Documents\Visual Studio 2012\Projects\ConsoleApplication10\ConsoleApplication10\Debug\link.4516-cvtres.write.1.tlog
C:\Users\speedfire\Documents\Visual Studio 2012\Projects\ConsoleApplication10\ConsoleApplication10\Debug\link.4516-rc.read.1.tlog
C:\Users\speedfire\Documents\Visual Studio 2012\Projects\ConsoleApplication10\ConsoleApplication10\Debug\link.4516-rc.write.1.tlog
C:\Users\speedfire\Documents\Visual Studio 2012\Projects\ConsoleApplication10\ConsoleApplication10\Debug\link.4516.read.1.tlog
C:\Users\speedfire\Documents\Visual Studio 2012\Projects\ConsoleApplication10\ConsoleApplication10\Debug\link.4516.write.1.tlog
C:\Users\speedfire\Documents\Visual Studio 2012\Projects\ConsoleApplication10\ConsoleApplication10\Debug\link.4556-cvtres.read.1.tlog
C:\Users\speedfire\Documents\Visual Studio 2012\Projects\ConsoleApplication10\ConsoleApplication10\Debug\link.4556-cvtres.write.1.tlog
C:\Users\speedfire\Documents\Visual Studio 2012\Projects\ConsoleApplication10\ConsoleApplication10\Debug\link.4556-rc.read.1.tlog
C:\Users\speedfire\Documents\Visual Studio 2012\Projects\ConsoleApplication10\ConsoleApplication10\Debug\link.4556-rc.write.1.tlog
C:\Users\speedfire\Documents\Visual Studio 2012\Projects\ConsoleApplication10\ConsoleApplication10\Debug\link.4556.read.1.tlog
C:\Users\speedfire\Documents\Visual Studio 2012\Projects\ConsoleApplication10\ConsoleApplication10\Debug\link.4556.write.1.tlog
C:\Users\speedfire\Documents\Visual Studio 2012\Projects\ConsoleApplication10\ConsoleApplication10\Debug\link.4568-cvtres.read.1.tlog
C:\Users\speedfire\Documents\Visual Studio 2012\Projects\ConsoleApplication10\ConsoleApplication10\Debug\link.4568-cvtres.write.1.tlog
C:\Users\speedfire\Documents\Visual Studio 2012\Projects\ConsoleApplication10\ConsoleApplication10\Debug\link.4568-rc.read.1.tlog
C:\Users\speedfire\Documents\Visual Studio 2012\Projects\ConsoleApplication10\ConsoleApplication10\Debug\link.4568-rc.write.1.tlog
C:\Users\speedfire\Documents\Visual Studio 2012\Projects\ConsoleApplication10\ConsoleApplication10\Debug\link.4568.read.1.tlog
C:\Users\speedfire\Documents\Visual Studio 2012\Projects\ConsoleApplication10\ConsoleApplication10\Debug\link.4568.write.1.tlog
C:\Users\speedfire\Documents\Visual Studio 2012\Projects\ConsoleApplication10\ConsoleApplication10\Debug\link.4576-cvtres.read.1.tlog
C:\Users\speedfire\Documents\Visual Studio 2012\Projects\ConsoleApplication10\ConsoleApplication10\Debug\link.4576-cvtres.write.1.tlog
C:\Users\speedfire\Documents\Visual Studio 2012\Projects\ConsoleApplication10\ConsoleApplication10\Debug\link.4576-rc.read.1.tlog
C:\Users\speedfire\Documents\Visual Studio 2012\Projects\ConsoleApplication10\ConsoleApplication10\Debug\link.4576-rc.write.1.tlog
C:\Users\speedfire\Documents\Visual Studio 2012\Projects\ConsoleApplication10\ConsoleApplication10\Debug\link.4576.read.1.tlog
C:\Users\speedfire\Documents\Visual Studio 2012\Projects\ConsoleApplication10\ConsoleApplication10\Debug\link.4576.write.1.tlog
C:\Users\speedfire\Documents\Visual Studio 2012\Projects\ConsoleApplication10\ConsoleApplication10\Debug\link.4596-cvtres.read.1.tlog
C:\Users\speedfire\Documents\Visual Studio 2012\Projects\ConsoleApplication10\ConsoleApplication10\Debug\link.4596-cvtres.write.1.tlog
C:\Users\speedfire\Documents\Visual Studio 2012\Projects\ConsoleApplication10\ConsoleApplication10\Debug\link.4596-rc.read.1.tlog
C:\Users\speedfire\Documents\Visual Studio 2012\Projects\ConsoleApplication10\ConsoleApplication10\Debug\link.4596-rc.write.1.tlog
C:\Users\speedfire\Documents\Visual Studio 2012\Projects\ConsoleApplication10\ConsoleApplication10\Debug\link.4596.read.1.tlog
C:\Users\speedfire\Documents\Visual Studio 2012\Projects\ConsoleApplication10\ConsoleApplication10\Debug\link.4596.write.1.tlog
C:\Users\speedfire\Documents\Visual Studio 2012\Projects\ConsoleApplication10\ConsoleApplication10\Debug\link.4616-cvtres.read.1.tlog
C:\Users\speedfire\Documents\Visual Studio 2012\Projects\ConsoleApplication10\ConsoleApplication10\Debug\link.4616-cvtres.write.1.tlog
C:\Users\speedfire\Documents\Visual Studio 2012\Projects\ConsoleApplication10\ConsoleApplication10\Debug\link.4616-rc.read.1.tlog
C:\Users\speedfire\Documents\Visual Studio 2012\Projects\ConsoleApplication10\ConsoleApplication10\Debug\link.4616-rc.write.1.tlog
C:\Users\speedfire\Documents\Visual Studio 2012\Projects\ConsoleApplication10\ConsoleApplication10\Debug\link.4616.read.1.tlog
C:\Users\speedfire\Documents\Visual Studio 2012\Projects\ConsoleApplication10\ConsoleApplication10\Debug\link.4616.write.1.tlog
C:\Users\speedfire\Documents\Visual Studio 2012\Projects\ConsoleApplication10\ConsoleApplication10\Debug\link.4740-cvtres.read.1.tlog
C:\Users\speedfire\Documents\Visual Studio 2012\Projects\ConsoleApplication10\ConsoleApplication10\Debug\link.4740-cvtres.write.1.tlog
C:\Users\speedfire\Documents\Visual Studio 2012\Projects\ConsoleApplication10\ConsoleApplication10\Debug\link.4740-rc.read.1.tlog
C:\Users\speedfire\Documents\Visual Studio 2012\Projects\ConsoleApplication10\ConsoleApplication10\Debug\link.4740-rc.write.1.tlog
C:\Users\speedfire\Documents\Visual Studio 2012\Projects\ConsoleApplication10\ConsoleApplication10\Debug\link.4740.read.1.tlog
C:\Users\speedfire\Documents\Visual Studio 2012\Projects\ConsoleApplication10\ConsoleApplication10\Debug\link.4740.write.1.tlog
C:\Users\speedfire\Documents\Visual Studio 2012\Projects\ConsoleApplication10\ConsoleApplication10\Debug\link.4796-cvtres.read.1.tlog
C:\Users\speedfire\Documents\Visual Studio 2012\Projects\ConsoleApplication10\ConsoleApplication10\Debug\link.4796-cvtres.write.1.tlog
C:\Users\speedfire\Documents\Visual Studio 2012\Projects\ConsoleApplication10\ConsoleApplication10\Debug\link.4796-rc.read.1.tlog
C:\Users\speedfire\Documents\Visual Studio 2012\Projects\ConsoleApplication10\ConsoleApplication10\Debug\link.4796-rc.write.1.tlog
C:\Users\speedfire\Documents\Visual Studio 2012\Projects\ConsoleApplication10\ConsoleApplication10\Debug\link.4796.read.1.tlog
C:\Users\speedfire\Documents\Visual Studio 2012\Projects\ConsoleApplication10\ConsoleApplication10\Debug\link.4796.write.1.tlog
C:\Users\speedfire\Documents\Visual Studio 2012\Projects\ConsoleApplication10\ConsoleApplication10\Debug\link.4804-cvtres.read.1.tlog
C:\Users\speedfire\Documents\Visual Studio 2012\Projects\ConsoleApplication10\ConsoleApplication10\Debug\link.4804-cvtres.write.1.tlog
C:\Users\speedfire\Documents\Visual Studio 2012\Projects\ConsoleApplication10\ConsoleApplication10\Debug\link.4804-rc.read.1.tlog
C:\Users\speedfire\Documents\Visual Studio 2012\Projects\ConsoleApplication10\ConsoleApplication10\Debug\link.4804-rc.write.1.tlog
C:\Users\speedfire\Documents\Visual Studio 2012\Projects\ConsoleApplication10\ConsoleApplication10\Debug\link.4804.read.1.tlog
C:\Users\speedfire\Documents\Visual Studio 2012\Projects\ConsoleApplication10\ConsoleApplication10\Debug\link.4804.write.1.tlog
C:\Users\speedfire\Documents\Visual Studio 2012\Projects\ConsoleApplication10\ConsoleApplication10\Debug\link.4828-cvtres.read.1.tlog
C:\Users\speedfire\Documents\Visual Studio 2012\Projects\ConsoleApplication10\ConsoleApplication10\Debug\link.4828-cvtres.write.1.tlog
C:\Users\speedfire\Documents\Visual Studio 2012\Projects\ConsoleApplication10\ConsoleApplication10\Debug\link.4828-rc.read.1.tlog
C:\Users\speedfire\Documents\Visual Studio 2012\Projects\ConsoleApplication10\ConsoleApplication10\Debug\link.4828-rc.write.1.tlog
C:\Users\speedfire\Documents\Visual Studio 2012\Projects\ConsoleApplication10\ConsoleApplication10\Debug\link.4828.read.1.tlog
C:\Users\speedfire\Documents\Visual Studio 2012\Projects\ConsoleApplication10\ConsoleApplication10\Debug\link.4828.write.1.tlog
C:\Users\speedfire\Documents\Visual Studio 2012\Projects\ConsoleApplication10\ConsoleApplication10\Debug\link.4844-cvtres.read.1.tlog
C:\Users\speedfire\Documents\Visual Studio 2012\Projects\ConsoleApplication10\ConsoleApplication10\Debug\link.4844-cvtres.write.1.tlog
C:\Users\speedfire\Documents\Visual Studio 2012\Projects\ConsoleApplication10\ConsoleApplication10\Debug\link.4844-rc.read.1.tlog
C:\Users\speedfire\Documents\Visual Studio 2012\Projects\ConsoleApplication10\ConsoleApplication10\Debug\link.4844-rc.write.1.tlog
C:\Users\speedfire\Documents\Visual Studio 2012\Projects\ConsoleApplication10\ConsoleApplication10\Debug\link.4844.read.1.tlog
C:\Users\speedfire\Documents\Visual Studio 2012\Projects\ConsoleApplication10\ConsoleApplication10\Debug\link.4844.write.1.tlog
C:\Users\speedfire\Documents\Visual Studio 2012\Projects\ConsoleApplication10\ConsoleApplication10\Debug\link.4896-cvtres.read.1.tlog
C:\Users\speedfire\Documents\Visual Studio 2012\Projects\ConsoleApplication10\ConsoleApplication10\Debug\link.4896-cvtres.write.1.tlog
C:\Users\speedfire\Documents\Visual Studio 2012\Projects\ConsoleApplication10\ConsoleApplication10\Debug\link.4896-rc.read.1.tlog
C:\Users\speedfire\Documents\Visual Studio 2012\Projects\ConsoleApplication10\ConsoleApplication10\Debug\link.4896-rc.write.1.tlog
C:\Users\speedfire\Documents\Visual Studio 2012\Projects\ConsoleApplication10\ConsoleApplication10\Debug\link.4896.read.1.tlog
C:\Users\speedfire\Documents\Visual Studio 2012\Projects\ConsoleApplication10\ConsoleApplication10\Debug\link.4896.write.1.tlog
C:\Users\speedfire\Documents\Visual Studio 2012\Projects\ConsoleApplication10\ConsoleApplication10\Debug\link.4904-cvtres.read.1.tlog
C:\Users\speedfire\Documents\Visual Studio 2012\Projects\ConsoleApplication10\ConsoleApplication10\Debug\link.4904-cvtres.write.1.tlog
C:\Users\speedfire\Documents\Visual Studio 2012\Projects\ConsoleApplication10\ConsoleApplication10\Debug\link.4904-rc.read.1.tlog
C:\Users\speedfire\Documents\Visual Studio 2012\Projects\ConsoleApplication10\ConsoleApplication10\Debug\link.4904-rc.write.1.tlog
C:\Users\speedfire\Documents\Visual Studio 2012\Projects\ConsoleApplication10\ConsoleApplication10\Debug\link.4904.read.1.tlog
C:\Users\speedfire\Documents\Visual Studio 2012\Projects\ConsoleApplication10\ConsoleApplication10\Debug\link.4904.write.1.tlog
C:\Users\speedfire\Documents\Visual Studio 2012\Projects\ConsoleApplication10\ConsoleApplication10\Debug\link.4924-cvtres.read.1.tlog
C:\Users\speedfire\Documents\Visual Studio 2012\Projects\ConsoleApplication10\ConsoleApplication10\Debug\link.4924-cvtres.write.1.tlog
C:\Users\speedfire\Documents\Visual Studio 2012\Projects\ConsoleApplication10\ConsoleApplication10\Debug\link.4924-rc.read.1.tlog
C:\Users\speedfire\Documents\Visual Studio 2012\Projects\ConsoleApplication10\ConsoleApplication10\Debug\link.4924-rc.write.1.tlog
C:\Users\speedfire\Documents\Visual Studio 2012\Projects\ConsoleApplication10\ConsoleApplication10\Debug\link.4924.read.1.tlog
C:\Users\speedfire\Documents\Visual Studio 2012\Projects\ConsoleApplication10\ConsoleApplication10\Debug\link.4924.write.1.tlog
C:\Users\speedfire\Documents\Visual Studio 2012\Projects\ConsoleApplication10\ConsoleApplication10\Debug\link.5060-cvtres.read.1.tlog
C:\Users\speedfire\Documents\Visual Studio 2012\Projects\ConsoleApplication10\ConsoleApplication10\Debug\link.5060-cvtres.write.1.tlog
C:\Users\speedfire\Documents\Visual Studio 2012\Projects\ConsoleApplication10\ConsoleApplication10\Debug\link.5060-rc.read.1.tlog
C:\Users\speedfire\Documents\Visual Studio 2012\Projects\ConsoleApplication10\ConsoleApplication10\Debug\link.5060-rc.write.1.tlog
C:\Users\speedfire\Documents\Visual Studio 2012\Projects\ConsoleApplication10\ConsoleApplication10\Debug\link.5060.read.1.tlog
C:\Users\speedfire\Documents\Visual Studio 2012\Projects\ConsoleApplication10\ConsoleApplication10\Debug\link.5060.write.1.tlog
C:\Users\speedfire\Documents\Visual Studio 2012\Projects\ConsoleApplication10\ConsoleApplication10\Debug\link.5108-cvtres.read.1.tlog
C:\Users\speedfire\Documents\Visual Studio 2012\Projects\ConsoleApplication10\ConsoleApplication10\Debug\link.5108-cvtres.write.1.tlog
C:\Users\speedfire\Documents\Visual Studio 2012\Projects\ConsoleApplication10\ConsoleApplication10\Debug\link.5108-rc.read.1.tlog
C:\Users\speedfire\Documents\Visual Studio 2012\Projects\ConsoleApplication10\ConsoleApplication10\Debug\link.5108-rc.write.1.tlog
C:\Users\speedfire\Documents\Visual Studio 2012\Projects\ConsoleApplication10\ConsoleApplication10\Debug\link.5108.read.1.tlog
C:\Users\speedfire\Documents\Visual Studio 2012\Projects\ConsoleApplication10\ConsoleApplication10\Debug\link.5108.write.1.tlog
C:\Users\speedfire\Documents\Visual Studio 2012\Projects\ConsoleApplication10\ConsoleApplication10\Debug\link.5176-cvtres.read.1.tlog
C:\Users\speedfire\Documents\Visual Studio 2012\Projects\ConsoleApplication10\ConsoleApplication10\Debug\link.5176-cvtres.write.1.tlog
C:\Users\speedfire\Documents\Visual Studio 2012\Projects\ConsoleApplication10\ConsoleApplication10\Debug\link.5176-rc.read.1.tlog
C:\Users\speedfire\Documents\Visual Studio 2012\Projects\ConsoleApplication10\ConsoleApplication10\Debug\link.5176-rc.write.1.tlog
C:\Users\speedfire\Documents\Visual Studio 2012\Projects\ConsoleApplication10\ConsoleApplication10\Debug\link.5176.read.1.tlog
C:\Users\speedfire\Documents\Visual Studio 2012\Projects\ConsoleApplication10\ConsoleApplication10\Debug\link.5176.write.1.tlog
C:\Users\speedfire\Documents\Visual Studio 2012\Projects\ConsoleApplication10\ConsoleApplication10\Debug\link.5204-cvtres.read.1.tlog
C:\Users\speedfire\Documents\Visual Studio 2012\Projects\ConsoleApplication10\ConsoleApplication10\Debug\link.5204-cvtres.write.1.tlog
C:\Users\speedfire\Documents\Visual Studio 2012\Projects\ConsoleApplication10\ConsoleApplication10\Debug\link.5204-rc.read.1.tlog
C:\Users\speedfire\Documents\Visual Studio 2012\Projects\ConsoleApplication10\ConsoleApplication10\Debug\link.5204-rc.write.1.tlog
C:\Users\speedfire\Documents\Visual Studio 2012\Projects\ConsoleApplication10\ConsoleApplication10\Debug\link.5204.read.1.tlog
C:\Users\speedfire\Documents\Visual Studio 2012\Projects\ConsoleApplication10\ConsoleApplication10\Debug\link.5204.write.1.tlog
C:\Users\speedfire\Documents\Visual Studio 2012\Projects\ConsoleApplication10\ConsoleApplication10\Debug\link.5224-cvtres.read.1.tlog
C:\Users\speedfire\Documents\Visual Studio 2012\Projects\ConsoleApplication10\ConsoleApplication10\Debug\link.5224-cvtres.write.1.tlog
C:\Users\speedfire\Documents\Visual Studio 2012\Projects\ConsoleApplication10\ConsoleApplication10\Debug\link.5224-rc.read.1.tlog
C:\Users\speedfire\Documents\Visual Studio 2012\Projects\ConsoleApplication10\ConsoleApplication10\Debug\link.5224-rc.write.1.tlog
C:\Users\speedfire\Documents\Visual Studio 2012\Projects\ConsoleApplication10\ConsoleApplication10\Debug\link.5224.read.1.tlog
C:\Users\speedfire\Documents\Visual Studio 2012\Projects\ConsoleApplication10\ConsoleApplication10\Debug\link.5224.write.1.tlog
C:\Users\speedfire\Documents\Visual Studio 2012\Projects\ConsoleApplication10\ConsoleApplication10\Debug\link.5252-cvtres.read.1.tlog
C:\Users\speedfire\Documents\Visual Studio 2012\Projects\ConsoleApplication10\ConsoleApplication10\Debug\link.5252-cvtres.write.1.tlog
C:\Users\speedfire\Documents\Visual Studio 2012\Projects\ConsoleApplication10\ConsoleApplication10\Debug\link.5252-rc.read.1.tlog
C:\Users\speedfire\Documents\Visual Studio 2012\Projects\ConsoleApplication10\ConsoleApplication10\Debug\link.5252-rc.write.1.tlog
C:\Users\speedfire\Documents\Visual Studio 2012\Projects\ConsoleApplication10\ConsoleApplication10\Debug\link.5252.read.1.tlog
C:\Users\speedfire\Documents\Visual Studio 2012\Projects\ConsoleApplication10\ConsoleApplication10\Debug\link.5252.write.1.tlog
C:\Users\speedfire\Documents\Visual Studio 2012\Projects\ConsoleApplication10\ConsoleApplication10\Debug\link.5260-cvtres.read.1.tlog
C:\Users\speedfire\Documents\Visual Studio 2012\Projects\ConsoleApplication10\ConsoleApplication10\Debug\link.5260-cvtres.write.1.tlog
C:\Users\speedfire\Documents\Visual Studio 2012\Projects\ConsoleApplication10\ConsoleApplication10\Debug\link.5260-rc.read.1.tlog
C:\Users\speedfire\Documents\Visual Studio 2012\Projects\ConsoleApplication10\ConsoleApplication10\Debug\link.5260-rc.write.1.tlog
C:\Users\speedfire\Documents\Visual Studio 2012\Projects\ConsoleApplication10\ConsoleApplication10\Debug\link.5260.read.1.tlog
C:\Users\speedfire\Documents\Visual Studio 2012\Projects\ConsoleApplication10\ConsoleApplication10\Debug\link.5260.write.1.tlog
C:\Users\speedfire\Documents\Visual Studio 2012\Projects\ConsoleApplication10\ConsoleApplication10\Debug\link.5264-cvtres.read.1.tlog
C:\Users\speedfire\Documents\Visual Studio 2012\Projects\ConsoleApplication10\ConsoleApplication10\Debug\link.5264-cvtres.write.1.tlog
C:\Users\speedfire\Documents\Visual Studio 2012\Projects\ConsoleApplication10\ConsoleApplication10\Debug\link.5264-rc.read.1.tlog
C:\Users\speedfire\Documents\Visual Studio 2012\Projects\ConsoleApplication10\ConsoleApplication10\Debug\link.5264-rc.write.1.tlog
C:\Users\speedfire\Documents\Visual Studio 2012\Projects\ConsoleApplication10\ConsoleApplication10\Debug\link.5264.read.1.tlog
C:\Users\speedfire\Documents\Visual Studio 2012\Projects\ConsoleApplication10\ConsoleApplication10\Debug\link.5264.write.1.tlog
C:\Users\speedfire\Documents\Visual Studio 2012\Projects\ConsoleApplication10\ConsoleApplication10\Debug\link.5268-cvtres.read.1.tlog
C:\Users\speedfire\Documents\Visual Studio 2012\Projects\ConsoleApplication10\ConsoleApplication10\Debug\link.5268-cvtres.write.1.tlog
C:\Users\speedfire\Documents\Visual Studio 2012\Projects\ConsoleApplication10\ConsoleApplication10\Debug\link.5268-rc.read.1.tlog
C:\Users\speedfire\Documents\Visual Studio 2012\Projects\ConsoleApplication10\ConsoleApplication10\Debug\link.5268-rc.write.1.tlog
C:\Users\speedfire\Documents\Visual Studio 2012\Projects\ConsoleApplication10\ConsoleApplication10\Debug\link.5268.read.1.tlog
C:\Users\speedfire\Documents\Visual Studio 2012\Projects\ConsoleApplication10\ConsoleApplication10\Debug\link.5268.write.1.tlog
C:\Users\speedfire\Documents\Visual Studio 2012\Projects\ConsoleApplication10\ConsoleApplication10\Debug\link.5280-cvtres.read.1.tlog
C:\Users\speedfire\Documents\Visual Studio 2012\Projects\ConsoleApplication10\ConsoleApplication10\Debug\link.5280-cvtres.write.1.tlog
C:\Users\speedfire\Documents\Visual Studio 2012\Projects\ConsoleApplication10\ConsoleApplication10\Debug\link.5280-rc.read.1.tlog
C:\Users\speedfire\Documents\Visual Studio 2012\Projects\ConsoleApplication10\ConsoleApplication10\Debug\link.5280-rc.write.1.tlog
C:\Users\speedfire\Documents\Visual Studio 2012\Projects\ConsoleApplication10\ConsoleApplication10\Debug\link.5280.read.1.tlog
C:\Users\speedfire\Documents\Visual Studio 2012\Projects\ConsoleApplication10\ConsoleApplication10\Debug\link.5280.write.1.tlog
C:\Users\speedfire\Documents\Visual Studio 2012\Projects\ConsoleApplication10\ConsoleApplication10\Debug\link.5288-cvtres.read.1.tlog
C:\Users\speedfire\Documents\Visual Studio 2012\Projects\ConsoleApplication10\ConsoleApplication10\Debug\link.5288-cvtres.write.1.tlog
C:\Users\speedfire\Documents\Visual Studio 2012\Projects\ConsoleApplication10\ConsoleApplication10\Debug\link.5288-rc.read.1.tlog
C:\Users\speedfire\Documents\Visual Studio 2012\Projects\ConsoleApplication10\ConsoleApplication10\Debug\link.5288-rc.write.1.tlog
C:\Users\speedfire\Documents\Visual Studio 2012\Projects\ConsoleApplication10\ConsoleApplication10\Debug\link.5288.read.1.tlog
C:\Users\speedfire\Documents\Visual Studio 2012\Projects\ConsoleApplication10\ConsoleApplication10\Debug\link.5288.write.1.tlog
C:\Users\speedfire\Documents\Visual Studio 2012\Projects\ConsoleApplication10\ConsoleApplication10\Debug\link.5296-cvtres.read.1.tlog
C:\Users\speedfire\Documents\Visual Studio 2012\Projects\ConsoleApplication10\ConsoleApplication10\Debug\link.5296-cvtres.write.1.tlog
C:\Users\speedfire\Documents\Visual Studio 2012\Projects\ConsoleApplication10\ConsoleApplication10\Debug\link.5296-rc.read.1.tlog
C:\Users\speedfire\Documents\Visual Studio 2012\Projects\ConsoleApplication10\ConsoleApplication10\Debug\link.5296-rc.write.1.tlog
C:\Users\speedfire\Documents\Visual Studio 2012\Projects\ConsoleApplication10\ConsoleApplication10\Debug\link.5296.read.1.tlog
C:\Users\speedfire\Documents\Visual Studio 2012\Projects\ConsoleApplication10\ConsoleApplication10\Debug\link.5296.write.1.tlog
C:\Users\speedfire\Documents\Visual Studio 2012\Projects\ConsoleApplication10\ConsoleApplication10\Debug\link.5308-cvtres.read.1.tlog
C:\Users\speedfire\Documents\Visual Studio 2012\Projects\ConsoleApplication10\ConsoleApplication10\Debug\link.5308-cvtres.write.1.tlog
C:\Users\speedfire\Documents\Visual Studio 2012\Projects\ConsoleApplication10\ConsoleApplication10\Debug\link.5308-rc.read.1.tlog
C:\Users\speedfire\Documents\Visual Studio 2012\Projects\ConsoleApplication10\ConsoleApplication10\Debug\link.5308-rc.write.1.tlog
C:\Users\speedfire\Documents\Visual Studio 2012\Projects\ConsoleApplication10\ConsoleApplication10\Debug\link.5308.read.1.tlog
C:\Users\speedfire\Documents\Visual Studio 2012\Projects\ConsoleApplication10\ConsoleApplication10\Debug\link.5308.write.1.tlog
C:\Users\speedfire\Documents\Visual Studio 2012\Projects\ConsoleApplication10\ConsoleApplication10\Debug\link.5416-cvtres.read.1.tlog
C:\Users\speedfire\Documents\Visual Studio 2012\Projects\ConsoleApplication10\ConsoleApplication10\Debug\link.5416-cvtres.write.1.tlog
C:\Users\speedfire\Documents\Visual Studio 2012\Projects\ConsoleApplication10\ConsoleApplication10\Debug\link.5416-rc.read.1.tlog
C:\Users\speedfire\Documents\Visual Studio 2012\Projects\ConsoleApplication10\ConsoleApplication10\Debug\link.5416-rc.write.1.tlog
C:\Users\speedfire\Documents\Visual Studio 2012\Projects\ConsoleApplication10\ConsoleApplication10\Debug\link.5416.read.1.tlog
C:\Users\speedfire\Documents\Visual Studio 2012\Projects\ConsoleApplication10\ConsoleApplication10\Debug\link.5416.write.1.tlog
C:\Users\speedfire\Documents\Visual Studio 2012\Projects\ConsoleApplication10\ConsoleApplication10\Debug\link.5456-cvtres.read.1.tlog
C:\Users\speedfire\Documents\Visual Studio 2012\Projects\ConsoleApplication10\ConsoleApplication10\Debug\link.5456-cvtres.write.1.tlog
C:\Users\speedfire\Documents\Visual Studio 2012\Projects\ConsoleApplication10\ConsoleApplication10\Debug\link.5456-rc.read.1.tlog
C:\Users\speedfire\Documents\Visual Studio 2012\Projects\ConsoleApplication10\ConsoleApplication10\Debug\link.5456-rc.write.1.tlog
C:\Users\speedfire\Documents\Visual Studio 2012\Projects\ConsoleApplication10\ConsoleApplication10\Debug\link.5456.read.1.tlog
C:\Users\speedfire\Documents\Visual Studio 2012\Projects\ConsoleApplication10\ConsoleApplication10\Debug\link.5456.write.1.tlog
C:\Users\speedfire\Documents\Visual Studio 2012\Projects\ConsoleApplication10\ConsoleApplication10\Debug\link.5528-cvtres.read.1.tlog
C:\Users\speedfire\Documents\Visual Studio 2012\Projects\ConsoleApplication10\ConsoleApplication10\Debug\link.5528-cvtres.write.1.tlog
C:\Users\speedfire\Documents\Visual Studio 2012\Projects\ConsoleApplication10\ConsoleApplication10\Debug\link.5528-rc.read.1.tlog
C:\Users\speedfire\Documents\Visual Studio 2012\Projects\ConsoleApplication10\ConsoleApplication10\Debug\link.5528-rc.write.1.tlog
C:\Users\speedfire\Documents\Visual Studio 2012\Projects\ConsoleApplication10\ConsoleApplication10\Debug\link.5528.read.1.tlog
C:\Users\speedfire\Documents\Visual Studio 2012\Projects\ConsoleApplication10\ConsoleApplication10\Debug\link.5528.write.1.tlog
C:\Users\speedfire\Documents\Visual Studio 2012\Projects\ConsoleApplication10\ConsoleApplication10\Debug\link.5532-cvtres.read.1.tlog
C:\Users\speedfire\Documents\Visual Studio 2012\Projects\ConsoleApplication10\ConsoleApplication10\Debug\link.5532-cvtres.write.1.tlog
C:\Users\speedfire\Documents\Visual Studio 2012\Projects\ConsoleApplication10\ConsoleApplication10\Debug\link.5532-rc.read.1.tlog
C:\Users\speedfire\Documents\Visual Studio 2012\Projects\ConsoleApplication10\ConsoleApplication10\Debug\link.5532-rc.write.1.tlog
C:\Users\speedfire\Documents\Visual Studio 2012\Projects\ConsoleApplication10\ConsoleApplication10\Debug\link.5532.read.1.tlog
C:\Users\speedfire\Documents\Visual Studio 2012\Projects\ConsoleApplication10\ConsoleApplication10\Debug\link.5532.write.1.tlog
C:\Users\speedfire\Documents\Visual Studio 2012\Projects\ConsoleApplication10\ConsoleApplication10\Debug\link.5540-cvtres.read.1.tlog
C:\Users\speedfire\Documents\Visual Studio 2012\Projects\ConsoleApplication10\ConsoleApplication10\Debug\link.5540-cvtres.write.1.tlog
C:\Users\speedfire\Documents\Visual Studio 2012\Projects\ConsoleApplication10\ConsoleApplication10\Debug\link.5540-rc.read.1.tlog
C:\Users\speedfire\Documents\Visual Studio 2012\Projects\ConsoleApplication10\ConsoleApplication10\Debug\link.5540-rc.write.1.tlog
C:\Users\speedfire\Documents\Visual Studio 2012\Projects\ConsoleApplication10\ConsoleApplication10\Debug\link.5540.read.1.tlog
C:\Users\speedfire\Documents\Visual Studio 2012\Projects\ConsoleApplication10\ConsoleApplication10\Debug\link.5540.write.1.tlog
C:\Users\speedfire\Documents\Visual Studio 2012\Projects\ConsoleApplication10\ConsoleApplication10\Debug\link.5564-cvtres.read.1.tlog
C:\Users\speedfire\Documents\Visual Studio 2012\Projects\ConsoleApplication10\ConsoleApplication10\Debug\link.5564-cvtres.write.1.tlog
C:\Users\speedfire\Documents\Visual Studio 2012\Projects\ConsoleApplication10\ConsoleApplication10\Debug\link.5564-rc.read.1.tlog
C:\Users\speedfire\Documents\Visual Studio 2012\Projects\ConsoleApplication10\ConsoleApplication10\Debug\link.5564-rc.write.1.tlog
C:\Users\speedfire\Documents\Visual Studio 2012\Projects\ConsoleApplication10\ConsoleApplication10\Debug\link.5564.read.1.tlog
C:\Users\speedfire\Documents\Visual Studio 2012\Projects\ConsoleApplication10\ConsoleApplication10\Debug\link.5564.write.1.tlog
C:\Users\speedfire\Documents\Visual Studio 2012\Projects\ConsoleApplication10\ConsoleApplication10\Debug\link.5596-cvtres.read.1.tlog
C:\Users\speedfire\Documents\Visual Studio 2012\Projects\ConsoleApplication10\ConsoleApplication10\Debug\link.5596-cvtres.write.1.tlog
C:\Users\speedfire\Documents\Visual Studio 2012\Projects\ConsoleApplication10\ConsoleApplication10\Debug\link.5596-rc.read.1.tlog
C:\Users\speedfire\Documents\Visual Studio 2012\Projects\ConsoleApplication10\ConsoleApplication10\Debug\link.5596-rc.write.1.tlog
C:\Users\speedfire\Documents\Visual Studio 2012\Projects\ConsoleApplication10\ConsoleApplication10\Debug\link.5596.read.1.tlog
C:\Users\speedfire\Documents\Visual Studio 2012\Projects\ConsoleApplication10\ConsoleApplication10\Debug\link.5596.write.1.tlog
C:\Users\speedfire\Documents\Visual Studio 2012\Projects\ConsoleApplication10\ConsoleApplication10\Debug\link.5612-cvtres.read.1.tlog
C:\Users\speedfire\Documents\Visual Studio 2012\Projects\ConsoleApplication10\ConsoleApplication10\Debug\link.5612-cvtres.write.1.tlog
C:\Users\speedfire\Documents\Visual Studio 2012\Projects\ConsoleApplication10\ConsoleApplication10\Debug\link.5612-rc.read.1.tlog
C:\Users\speedfire\Documents\Visual Studio 2012\Projects\ConsoleApplication10\ConsoleApplication10\Debug\link.5612-rc.write.1.tlog
C:\Users\speedfire\Documents\Visual Studio 2012\Projects\ConsoleApplication10\ConsoleApplication10\Debug\link.5612.read.1.tlog
C:\Users\speedfire\Documents\Visual Studio 2012\Projects\ConsoleApplication10\ConsoleApplication10\Debug\link.5612.write.1.tlog
C:\Users\speedfire\Documents\Visual Studio 2012\Projects\ConsoleApplication10\ConsoleApplication10\Debug\link.5624-cvtres.read.1.tlog
C:\Users\speedfire\Documents\Visual Studio 2012\Projects\ConsoleApplication10\ConsoleApplication10\Debug\link.5624-cvtres.write.1.tlog
C:\Users\speedfire\Documents\Visual Studio 2012\Projects\ConsoleApplication10\ConsoleApplication10\Debug\link.5624-rc.read.1.tlog
C:\Users\speedfire\Documents\Visual Studio 2012\Projects\ConsoleApplication10\ConsoleApplication10\Debug\link.5624-rc.write.1.tlog
C:\Users\speedfire\Documents\Visual Studio 2012\Projects\ConsoleApplication10\ConsoleApplication10\Debug\link.5624.read.1.tlog
C:\Users\speedfire\Documents\Visual Studio 2012\Projects\ConsoleApplication10\ConsoleApplication10\Debug\link.5624.write.1.tlog
C:\Users\speedfire\Documents\Visual Studio 2012\Projects\ConsoleApplication10\ConsoleApplication10\Debug\link.5652-cvtres.read.1.tlog
C:\Users\speedfire\Documents\Visual Studio 2012\Projects\ConsoleApplication10\ConsoleApplication10\Debug\link.5652-cvtres.write.1.tlog
C:\Users\speedfire\Documents\Visual Studio 2012\Projects\ConsoleApplication10\ConsoleApplication10\Debug\link.5652-rc.read.1.tlog
C:\Users\speedfire\Documents\Visual Studio 2012\Projects\ConsoleApplication10\ConsoleApplication10\Debug\link.5652-rc.write.1.tlog
C:\Users\speedfire\Documents\Visual Studio 2012\Projects\ConsoleApplication10\ConsoleApplication10\Debug\link.5652.read.1.tlog
C:\Users\speedfire\Documents\Visual Studio 2012\Projects\ConsoleApplication10\ConsoleApplication10\Debug\link.5652.write.1.tlog
C:\Users\speedfire\Documents\Visual Studio 2012\Projects\ConsoleApplication10\ConsoleApplication10\Debug\link.5668-cvtres.read.1.tlog
C:\Users\speedfire\Documents\Visual Studio 2012\Projects\ConsoleApplication10\ConsoleApplication10\Debug\link.5668-cvtres.write.1.tlog
C:\Users\speedfire\Documents\Visual Studio 2012\Projects\ConsoleApplication10\ConsoleApplication10\Debug\link.5668-rc.read.1.tlog
C:\Users\speedfire\Documents\Visual Studio 2012\Projects\ConsoleApplication10\ConsoleApplication10\Debug\link.5668-rc.write.1.tlog
C:\Users\speedfire\Documents\Visual Studio 2012\Projects\ConsoleApplication10\ConsoleApplication10\Debug\link.5668.read.1.tlog
C:\Users\speedfire\Documents\Visual Studio 2012\Projects\ConsoleApplication10\ConsoleApplication10\Debug\link.5668.write.1.tlog
C:\Users\speedfire\Documents\Visual Studio 2012\Projects\ConsoleApplication10\ConsoleApplication10\Debug\link.5672-cvtres.read.1.tlog
C:\Users\speedfire\Documents\Visual Studio 2012\Projects\ConsoleApplication10\ConsoleApplication10\Debug\link.5672-cvtres.write.1.tlog
C:\Users\speedfire\Documents\Visual Studio 2012\Projects\ConsoleApplication10\ConsoleApplication10\Debug\link.5672-rc.read.1.tlog
C:\Users\speedfire\Documents\Visual Studio 2012\Projects\ConsoleApplication10\ConsoleApplication10\Debug\link.5672-rc.write.1.tlog
C:\Users\speedfire\Documents\Visual Studio 2012\Projects\ConsoleApplication10\ConsoleApplication10\Debug\link.5672.read.1.tlog
C:\Users\speedfire\Documents\Visual Studio 2012\Projects\ConsoleApplication10\ConsoleApplication10\Debug\link.5672.write.1.tlog
C:\Users\speedfire\Documents\Visual Studio 2012\Projects\ConsoleApplication10\ConsoleApplication10\Debug\link.5728-cvtres.read.1.tlog
C:\Users\speedfire\Documents\Visual Studio 2012\Projects\ConsoleApplication10\ConsoleApplication10\Debug\link.5728-cvtres.write.1.tlog
C:\Users\speedfire\Documents\Visual Studio 2012\Projects\ConsoleApplication10\ConsoleApplication10\Debug\link.5728-rc.read.1.tlog
C:\Users\speedfire\Documents\Visual Studio 2012\Projects\ConsoleApplication10\ConsoleApplication10\Debug\link.5728-rc.write.1.tlog
C:\Users\speedfire\Documents\Visual Studio 2012\Projects\ConsoleApplication10\ConsoleApplication10\Debug\link.5728.read.1.tlog
C:\Users\speedfire\Documents\Visual Studio 2012\Projects\ConsoleApplication10\ConsoleApplication10\Debug\link.5728.write.1.tlog
C:\Users\speedfire\Documents\Visual Studio 2012\Projects\ConsoleApplication10\ConsoleApplication10\Debug\link.5732-cvtres.read.1.tlog
C:\Users\speedfire\Documents\Visual Studio 2012\Projects\ConsoleApplication10\ConsoleApplication10\Debug\link.5732-cvtres.write.1.tlog
C:\Users\speedfire\Documents\Visual Studio 2012\Projects\ConsoleApplication10\ConsoleApplication10\Debug\link.5732-rc.read.1.tlog
C:\Users\speedfire\Documents\Visual Studio 2012\Projects\ConsoleApplication10\ConsoleApplication10\Debug\link.5732-rc.write.1.tlog
C:\Users\speedfire\Documents\Visual Studio 2012\Projects\ConsoleApplication10\ConsoleApplication10\Debug\link.5732.read.1.tlog
C:\Users\speedfire\Documents\Visual Studio 2012\Projects\ConsoleApplication10\ConsoleApplication10\Debug\link.5732.write.1.tlog
C:\Users\speedfire\Documents\Visual Studio 2012\Projects\ConsoleApplication10\ConsoleApplication10\Debug\link.5736-cvtres.read.1.tlog
C:\Users\speedfire\Documents\Visual Studio 2012\Projects\ConsoleApplication10\ConsoleApplication10\Debug\link.5736-cvtres.write.1.tlog
C:\Users\speedfire\Documents\Visual Studio 2012\Projects\ConsoleApplication10\ConsoleApplication10\Debug\link.5736-rc.read.1.tlog
C:\Users\speedfire\Documents\Visual Studio 2012\Projects\ConsoleApplication10\ConsoleApplication10\Debug\link.5736-rc.write.1.tlog
C:\Users\speedfire\Documents\Visual Studio 2012\Projects\ConsoleApplication10\ConsoleApplication10\Debug\link.5736.read.1.tlog
C:\Users\speedfire\Documents\Visual Studio 2012\Projects\ConsoleApplication10\ConsoleApplication10\Debug\link.5736.write.1.tlog
C:\Users\speedfire\Documents\Visual Studio 2012\Projects\ConsoleApplication10\ConsoleApplication10\Debug\link.5776-cvtres.read.1.tlog
C:\Users\speedfire\Documents\Visual Studio 2012\Projects\ConsoleApplication10\ConsoleApplication10\Debug\link.5776-cvtres.write.1.tlog
C:\Users\speedfire\Documents\Visual Studio 2012\Projects\ConsoleApplication10\ConsoleApplication10\Debug\link.5776-rc.read.1.tlog
C:\Users\speedfire\Documents\Visual Studio 2012\Projects\ConsoleApplication10\ConsoleApplication10\Debug\link.5776-rc.write.1.tlog
C:\Users\speedfire\Documents\Visual Studio 2012\Projects\ConsoleApplication10\ConsoleApplication10\Debug\link.5776.read.1.tlog
C:\Users\speedfire\Documents\Visual Studio 2012\Projects\ConsoleApplication10\ConsoleApplication10\Debug\link.5776.write.1.tlog
C:\Users\speedfire\Documents\Visual Studio 2012\Projects\ConsoleApplication10\ConsoleApplication10\Debug\link.5804-cvtres.read.1.tlog
C:\Users\speedfire\Documents\Visual Studio 2012\Projects\ConsoleApplication10\ConsoleApplication10\Debug\link.5804-cvtres.write.1.tlog
C:\Users\speedfire\Documents\Visual Studio 2012\Projects\ConsoleApplication10\ConsoleApplication10\Debug\link.5804-rc.read.1.tlog
C:\Users\speedfire\Documents\Visual Studio 2012\Projects\ConsoleApplication10\ConsoleApplication10\Debug\link.5804-rc.write.1.tlog
C:\Users\speedfire\Documents\Visual Studio 2012\Projects\ConsoleApplication10\ConsoleApplication10\Debug\link.5804.read.1.tlog
C:\Users\speedfire\Documents\Visual Studio 2012\Projects\ConsoleApplication10\ConsoleApplication10\Debug\link.5804.write.1.tlog
C:\Users\speedfire\Documents\Visual Studio 2012\Projects\ConsoleApplication10\ConsoleApplication10\Debug\link.5820-cvtres.read.1.tlog
C:\Users\speedfire\Documents\Visual Studio 2012\Projects\ConsoleApplication10\ConsoleApplication10\Debug\link.5820-cvtres.write.1.tlog
C:\Users\speedfire\Documents\Visual Studio 2012\Projects\ConsoleApplication10\ConsoleApplication10\Debug\link.5820-rc.read.1.tlog
C:\Users\speedfire\Documents\Visual Studio 2012\Projects\ConsoleApplication10\ConsoleApplication10\Debug\link.5820-rc.write.1.tlog
C:\Users\speedfire\Documents\Visual Studio 2012\Projects\ConsoleApplication10\ConsoleApplication10\Debug\link.5820.read.1.tlog
C:\Users\speedfire\Documents\Visual Studio 2012\Projects\ConsoleApplication10\ConsoleApplication10\Debug\link.5820.write.1.tlog
C:\Users\speedfire\Documents\Visual Studio 2012\Projects\ConsoleApplication10\ConsoleApplication10\Debug\link.5828-cvtres.read.1.tlog
C:\Users\speedfire\Documents\Visual Studio 2012\Projects\ConsoleApplication10\ConsoleApplication10\Debug\link.5828-cvtres.write.1.tlog
C:\Users\speedfire\Documents\Visual Studio 2012\Projects\ConsoleApplication10\ConsoleApplication10\Debug\link.5828-rc.read.1.tlog
C:\Users\speedfire\Documents\Visual Studio 2012\Projects\ConsoleApplication10\ConsoleApplication10\Debug\link.5828-rc.write.1.tlog
C:\Users\speedfire\Documents\Visual Studio 2012\Projects\ConsoleApplication10\ConsoleApplication10\Debug\link.5828.read.1.tlog
C:\Users\speedfire\Documents\Visual Studio 2012\Projects\ConsoleApplication10\ConsoleApplication10\Debug\link.5828.write.1.tlog
C:\Users\speedfire\Documents\Visual Studio 2012\Projects\ConsoleApplication10\ConsoleApplication10\Debug\link.5844-cvtres.read.1.tlog
C:\Users\speedfire\Documents\Visual Studio 2012\Projects\ConsoleApplication10\ConsoleApplication10\Debug\link.5844-cvtres.write.1.tlog
C:\Users\speedfire\Documents\Visual Studio 2012\Projects\ConsoleApplication10\ConsoleApplication10\Debug\link.5844-rc.read.1.tlog
C:\Users\speedfire\Documents\Visual Studio 2012\Projects\ConsoleApplication10\ConsoleApplication10\Debug\link.5844-rc.write.1.tlog
C:\Users\speedfire\Documents\Visual Studio 2012\Projects\ConsoleApplication10\ConsoleApplication10\Debug\link.5844.read.1.tlog
C:\Users\speedfire\Documents\Visual Studio 2012\Projects\ConsoleApplication10\ConsoleApplication10\Debug\link.5844.write.1.tlog
C:\Users\speedfire\Documents\Visual Studio 2012\Projects\ConsoleApplication10\ConsoleApplication10\Debug\link.5852-cvtres.read.1.tlog
C:\Users\speedfire\Documents\Visual Studio 2012\Projects\ConsoleApplication10\ConsoleApplication10\Debug\link.5852-cvtres.write.1.tlog
C:\Users\speedfire\Documents\Visual Studio 2012\Projects\ConsoleApplication10\ConsoleApplication10\Debug\link.5852-rc.read.1.tlog
C:\Users\speedfire\Documents\Visual Studio 2012\Projects\ConsoleApplication10\ConsoleApplication10\Debug\link.5852-rc.write.1.tlog
C:\Users\speedfire\Documents\Visual Studio 2012\Projects\ConsoleApplication10\ConsoleApplication10\Debug\link.5852.read.1.tlog
C:\Users\speedfire\Documents\Visual Studio 2012\Projects\ConsoleApplication10\ConsoleApplication10\Debug\link.5852.write.1.tlog
C:\Users\speedfire\Documents\Visual Studio 2012\Projects\ConsoleApplication10\ConsoleApplication10\Debug\link.5860-cvtres.read.1.tlog
C:\Users\speedfire\Documents\Visual Studio 2012\Projects\ConsoleApplication10\ConsoleApplication10\Debug\link.5860-cvtres.write.1.tlog
C:\Users\speedfire\Documents\Visual Studio 2012\Projects\ConsoleApplication10\ConsoleApplication10\Debug\link.5860-rc.read.1.tlog
C:\Users\speedfire\Documents\Visual Studio 2012\Projects\ConsoleApplication10\ConsoleApplication10\Debug\link.5860-rc.write.1.tlog
C:\Users\speedfire\Documents\Visual Studio 2012\Projects\ConsoleApplication10\ConsoleApplication10\Debug\link.5860.read.1.tlog
C:\Users\speedfire\Documents\Visual Studio 2012\Projects\ConsoleApplication10\ConsoleApplication10\Debug\link.5860.write.1.tlog
C:\Users\speedfire\Documents\Visual Studio 2012\Projects\ConsoleApplication10\ConsoleApplication10\Debug\link.5880-cvtres.read.1.tlog
C:\Users\speedfire\Documents\Visual Studio 2012\Projects\ConsoleApplication10\ConsoleApplication10\Debug\link.5880-cvtres.write.1.tlog
C:\Users\speedfire\Documents\Visual Studio 2012\Projects\ConsoleApplication10\ConsoleApplication10\Debug\link.5880-rc.read.1.tlog
C:\Users\speedfire\Documents\Visual Studio 2012\Projects\ConsoleApplication10\ConsoleApplication10\Debug\link.5880-rc.write.1.tlog
C:\Users\speedfire\Documents\Visual Studio 2012\Projects\ConsoleApplication10\ConsoleApplication10\Debug\link.5880.read.1.tlog
C:\Users\speedfire\Documents\Visual Studio 2012\Projects\ConsoleApplication10\ConsoleApplication10\Debug\link.5880.write.1.tlog
C:\Users\speedfire\Documents\Visual Studio 2012\Projects\ConsoleApplication10\ConsoleApplication10\Debug\link.5912-cvtres.read.1.tlog
C:\Users\speedfire\Documents\Visual Studio 2012\Projects\ConsoleApplication10\ConsoleApplication10\Debug\link.5912-cvtres.write.1.tlog
C:\Users\speedfire\Documents\Visual Studio 2012\Projects\ConsoleApplication10\ConsoleApplication10\Debug\link.5912-rc.read.1.tlog
C:\Users\speedfire\Documents\Visual Studio 2012\Projects\ConsoleApplication10\ConsoleApplication10\Debug\link.5912-rc.write.1.tlog
C:\Users\speedfire\Documents\Visual Studio 2012\Projects\ConsoleApplication10\ConsoleApplication10\Debug\link.5912.read.1.tlog
C:\Users\speedfire\Documents\Visual Studio 2012\Projects\ConsoleApplication10\ConsoleApplication10\Debug\link.5912.write.1.tlog
C:\Users\speedfire\Documents\Visual Studio 2012\Projects\ConsoleApplication10\ConsoleApplication10\Debug\link.5932-cvtres.read.1.tlog
C:\Users\speedfire\Documents\Visual Studio 2012\Projects\ConsoleApplication10\ConsoleApplication10\Debug\link.5932-cvtres.write.1.tlog
C:\Users\speedfire\Documents\Visual Studio 2012\Projects\ConsoleApplication10\ConsoleApplication10\Debug\link.5932-rc.read.1.tlog
C:\Users\speedfire\Documents\Visual Studio 2012\Projects\ConsoleApplication10\ConsoleApplication10\Debug\link.5932-rc.write.1.tlog
C:\Users\speedfire\Documents\Visual Studio 2012\Projects\ConsoleApplication10\ConsoleApplication10\Debug\link.5932.read.1.tlog
C:\Users\speedfire\Documents\Visual Studio 2012\Projects\ConsoleApplication10\ConsoleApplication10\Debug\link.5932.write.1.tlog
C:\Users\speedfire\Documents\Visual Studio 2012\Projects\ConsoleApplication10\ConsoleApplication10\Debug\link.5952-cvtres.read.1.tlog
C:\Users\speedfire\Documents\Visual Studio 2012\Projects\ConsoleApplication10\ConsoleApplication10\Debug\link.5952-cvtres.write.1.tlog
C:\Users\speedfire\Documents\Visual Studio 2012\Projects\ConsoleApplication10\ConsoleApplication10\Debug\link.5952-rc.read.1.tlog
C:\Users\speedfire\Documents\Visual Studio 2012\Projects\ConsoleApplication10\ConsoleApplication10\Debug\link.5952-rc.write.1.tlog
C:\Users\speedfire\Documents\Visual Studio 2012\Projects\ConsoleApplication10\ConsoleApplication10\Debug\link.5952.read.1.tlog
C:\Users\speedfire\Documents\Visual Studio 2012\Projects\ConsoleApplication10\ConsoleApplication10\Debug\link.5952.write.1.tlog
C:\Users\speedfire\Documents\Visual Studio 2012\Projects\ConsoleApplication10\ConsoleApplication10\Debug\link.6004-cvtres.read.1.tlog
C:\Users\speedfire\Documents\Visual Studio 2012\Projects\ConsoleApplication10\ConsoleApplication10\Debug\link.6004-cvtres.write.1.tlog
C:\Users\speedfire\Documents\Visual Studio 2012\Projects\ConsoleApplication10\ConsoleApplication10\Debug\link.6004-rc.read.1.tlog
C:\Users\speedfire\Documents\Visual Studio 2012\Projects\ConsoleApplication10\ConsoleApplication10\Debug\link.6004-rc.write.1.tlog
C:\Users\speedfire\Documents\Visual Studio 2012\Projects\ConsoleApplication10\ConsoleApplication10\Debug\link.6004.read.1.tlog
C:\Users\speedfire\Documents\Visual Studio 2012\Projects\ConsoleApplication10\ConsoleApplication10\Debug\link.6004.write.1.tlog
C:\Users\speedfire\Documents\Visual Studio 2012\Projects\ConsoleApplication10\ConsoleApplication10\Debug\link.6016-cvtres.read.1.tlog
C:\Users\speedfire\Documents\Visual Studio 2012\Projects\ConsoleApplication10\ConsoleApplication10\Debug\link.6016-cvtres.write.1.tlog
C:\Users\speedfire\Documents\Visual Studio 2012\Projects\ConsoleApplication10\ConsoleApplication10\Debug\link.6016-rc.read.1.tlog
C:\Users\speedfire\Documents\Visual Studio 2012\Projects\ConsoleApplication10\ConsoleApplication10\Debug\link.6016-rc.write.1.tlog
C:\Users\speedfire\Documents\Visual Studio 2012\Projects\ConsoleApplication10\ConsoleApplication10\Debug\link.6016.read.1.tlog
C:\Users\speedfire\Documents\Visual Studio 2012\Projects\ConsoleApplication10\ConsoleApplication10\Debug\link.6016.write.1.tlog
C:\Users\speedfire\Documents\Visual Studio 2012\Projects\ConsoleApplication10\ConsoleApplication10\Debug\link.6044-cvtres.read.1.tlog
C:\Users\speedfire\Documents\Visual Studio 2012\Projects\ConsoleApplication10\ConsoleApplication10\Debug\link.6044-cvtres.write.1.tlog
C:\Users\speedfire\Documents\Visual Studio 2012\Projects\ConsoleApplication10\ConsoleApplication10\Debug\link.6044-rc.read.1.tlog
C:\Users\speedfire\Documents\Visual Studio 2012\Projects\ConsoleApplication10\ConsoleApplication10\Debug\link.6044-rc.write.1.tlog
C:\Users\speedfire\Documents\Visual Studio 2012\Projects\ConsoleApplication10\ConsoleApplication10\Debug\link.6044.read.1.tlog
C:\Users\speedfire\Documents\Visual Studio 2012\Projects\ConsoleApplication10\ConsoleApplication10\Debug\link.6044.write.1.tlog
C:\Users\speedfire\Documents\Visual Studio 2012\Projects\ConsoleApplication10\ConsoleApplication10\Debug\link.6092-cvtres.read.1.tlog
C:\Users\speedfire\Documents\Visual Studio 2012\Projects\ConsoleApplication10\ConsoleApplication10\Debug\link.6092-cvtres.write.1.tlog
C:\Users\speedfire\Documents\Visual Studio 2012\Projects\ConsoleApplication10\ConsoleApplication10\Debug\link.6092-rc.read.1.tlog
C:\Users\speedfire\Documents\Visual Studio 2012\Projects\ConsoleApplication10\ConsoleApplication10\Debug\link.6092-rc.write.1.tlog
C:\Users\speedfire\Documents\Visual Studio 2012\Projects\ConsoleApplication10\ConsoleApplication10\Debug\link.6092.read.1.tlog
C:\Users\speedfire\Documents\Visual Studio 2012\Projects\ConsoleApplication10\ConsoleApplication10\Debug\link.6092.write.1.tlog
C:\Users\speedfire\Documents\Visual Studio 2012\Projects\ConsoleApplication10\ConsoleApplication10\Debug\link.6172-cvtres.read.1.tlog
C:\Users\speedfire\Documents\Visual Studio 2012\Projects\ConsoleApplication10\ConsoleApplication10\Debug\link.6172-cvtres.write.1.tlog
C:\Users\speedfire\Documents\Visual Studio 2012\Projects\ConsoleApplication10\ConsoleApplication10\Debug\link.6172-rc.read.1.tlog
C:\Users\speedfire\Documents\Visual Studio 2012\Projects\ConsoleApplication10\ConsoleApplication10\Debug\link.6172-rc.write.1.tlog
C:\Users\speedfire\Documents\Visual Studio 2012\Projects\ConsoleApplication10\ConsoleApplication10\Debug\link.6172.read.1.tlog
C:\Users\speedfire\Documents\Visual Studio 2012\Projects\ConsoleApplication10\ConsoleApplication10\Debug\link.6172.write.1.tlog
C:\Users\speedfire\Documents\Visual Studio 2012\Projects\ConsoleApplication10\ConsoleApplication10\Debug\link.6808-cvtres.read.1.tlog
C:\Users\speedfire\Documents\Visual Studio 2012\Projects\ConsoleApplication10\ConsoleApplication10\Debug\link.6808-cvtres.write.1.tlog
C:\Users\speedfire\Documents\Visual Studio 2012\Projects\ConsoleApplication10\ConsoleApplication10\Debug\link.6808-rc.read.1.tlog
C:\Users\speedfire\Documents\Visual Studio 2012\Projects\ConsoleApplication10\ConsoleApplication10\Debug\link.6808-rc.write.1.tlog
C:\Users\speedfire\Documents\Visual Studio 2012\Projects\ConsoleApplication10\ConsoleApplication10\Debug\link.6808.read.1.tlog
C:\Users\speedfire\Documents\Visual Studio 2012\Projects\ConsoleApplication10\ConsoleApplication10\Debug\link.6808.write.1.tlog
C:\Users\speedfire\Documents\Visual Studio 2012\Projects\ConsoleApplication10\ConsoleApplication10\Debug\link.732-cvtres.read.1.tlog
C:\Users\speedfire\Documents\Visual Studio 2012\Projects\ConsoleApplication10\ConsoleApplication10\Debug\link.732-cvtres.write.1.tlog
C:\Users\speedfire\Documents\Visual Studio 2012\Projects\ConsoleApplication10\ConsoleApplication10\Debug\link.732-rc.read.1.tlog
C:\Users\speedfire\Documents\Visual Studio 2012\Projects\ConsoleApplication10\ConsoleApplication10\Debug\link.732-rc.write.1.tlog
C:\Users\speedfire\Documents\Visual Studio 2012\Projects\ConsoleApplication10\ConsoleApplication10\Debug\link.732.read.1.tlog
C:\Users\speedfire\Documents\Visual Studio 2012\Projects\ConsoleApplication10\ConsoleApplication10\Debug\link.732.write.1.tlog
C:\Users\speedfire\Documents\Visual Studio 2012\Projects\ConsoleApplication10\ConsoleApplication10\Debug\link.816-cvtres.read.1.tlog
C:\Users\speedfire\Documents\Visual Studio 2012\Projects\ConsoleApplication10\ConsoleApplication10\Debug\link.816-cvtres.write.1.tlog
C:\Users\speedfire\Documents\Visual Studio 2012\Projects\ConsoleApplication10\ConsoleApplication10\Debug\link.816-rc.read.1.tlog
C:\Users\speedfire\Documents\Visual Studio 2012\Projects\ConsoleApplication10\ConsoleApplication10\Debug\link.816-rc.write.1.tlog
C:\Users\speedfire\Documents\Visual Studio 2012\Projects\ConsoleApplication10\ConsoleApplication10\Debug\link.816.read.1.tlog
C:\Users\speedfire\Documents\Visual Studio 2012\Projects\ConsoleApplication10\ConsoleApplication10\Debug\link.816.write.1.tlog
C:\Users\speedfire\Documents\Visual Studio 2012\Projects\ConsoleApplication10\ConsoleApplication10\Debug\link.9940-cvtres.read.1.tlog
C:\Users\speedfire\Documents\Visual Studio 2012\Projects\ConsoleApplication10\ConsoleApplication10\Debug\link.9940-cvtres.write.1.tlog
C:\Users\speedfire\Documents\Visual Studio 2012\Projects\ConsoleApplication10\ConsoleApplication10\Debug\link.9940-rc.read.1.tlog
C:\Users\speedfire\Documents\Visual Studio 2012\Projects\ConsoleApplication10\ConsoleApplication10\Debug\link.9940-rc.write.1.tlog
C:\Users\speedfire\Documents\Visual Studio 2012\Projects\ConsoleApplication10\ConsoleApplication10\Debug\link.9940.read.1.tlog
C:\Users\speedfire\Documents\Visual Studio 2012\Projects\ConsoleApplication10\ConsoleApplication10\Debug\link.9940.write.1.tlog
C:\Users\speedfire\Documents\Visual Studio 2012\Projects\ConsoleApplication10\ConsoleApplication10\Debug\link.command.1.tlog
C:\Users\speedfire\Documents\Visual Studio 2012\Projects\ConsoleApplication10\ConsoleApplication10\Debug\link.read.1.tlog
C:\Users\speedfire\Documents\Visual Studio 2012\Projects\ConsoleApplication10\ConsoleApplication10\Debug\link.write.1.tlog
C:\Users\speedfire\Documents\Visual Studio 2012\Projects\ConsoleApplication10\ConsoleApplication10\Debug\vc110.idb
C:\Users\speedfire\Documents\Visual Studio 2012\Projects\ConsoleApplication10\ConsoleApplication10\Debug\vc110.pdb
C:\Users\speedfire\Documents\Visual Studio 2012\Projects\ConsoleApplication10\Debug\ConsoleApplication10.pdb
C:\Users\speedfire\Documents\Visual Studio 2012\Projects\ConsoleApplication10\Debug\ConsoleApplication10.exe
C:\Users\speedfire\Documents\Visual Studio 2012\Projects\ConsoleApplication10\Debug\ConsoleApplication10.ilk
